Copyright 1986-2022 Xilinx, Inc. All Rights Reserved. Copyright 2022-2023 Advanced Micro Devices, Inc. All Rights Reserved.
-----------------------------------------------------------------------------------------------------------------------------------------------
| Tool Version : Vivado v.2023.1 (win64) Build 3865809 Sun May  7 15:05:29 MDT 2023
| Date         : Mon Nov 13 19:55:32 2023
| Host         : LAPTOP-78477V77 running 64-bit major release  (build 9200)
| Command      : report_methodology -file top_methodology_drc_routed.rpt -pb top_methodology_drc_routed.pb -rpx top_methodology_drc_routed.rpx
| Design       : top
| Device       : xc7a35tcpg236-1
| Speed File   : -1
| Design State : Fully Routed
-----------------------------------------------------------------------------------------------------------------------------------------------

Report Methodology

Table of Contents
-----------------
1. REPORT SUMMARY
2. REPORT DETAILS

1. REPORT SUMMARY
-----------------
            Netlist: netlist
          Floorplan: design_1
      Design limits: <entire design considered>
             Max violations: <unlimited>
             Violations found: 46
+-----------+------------------+------------------------------------------------------------------+------------+
| Rule      | Severity         | Description                                                      | Violations |
+-----------+------------------+------------------------------------------------------------------+------------+
| TIMING-6  | Critical Warning | No common primary clock between related clocks                   | 2          |
| TIMING-8  | Critical Warning | No common period between related clocks                          | 2          |
| TIMING-16 | Warning          | Large setup violation                                            | 40         |
| TIMING-56 | Warning          | Missing logically or physically excluded clock groups constraint | 2          |
+-----------+------------------+------------------------------------------------------------------+------------+

2. REPORT DETAILS
-----------------
TIMING-6#1 Critical Warning
No common primary clock between related clocks  
The clocks clk_out1_tft_clk_wiz and clk_out1_tft_clk_wiz_1 are related (timed together) but they have no common primary clock. The design could fail in hardware. To find a timing path between these clocks, run the following command: report_timing -from [get_clocks clk_out1_tft_clk_wiz] -to [get_clocks clk_out1_tft_clk_wiz_1]
Related violations: <none>

TIMING-6#2 Critical Warning
No common primary clock between related clocks  
The clocks clk_out1_tft_clk_wiz_1 and clk_out1_tft_clk_wiz are related (timed together) but they have no common primary clock. The design could fail in hardware. To find a timing path between these clocks, run the following command: report_timing -from [get_clocks clk_out1_tft_clk_wiz_1] -to [get_clocks clk_out1_tft_clk_wiz]
Related violations: <none>

TIMING-8#1 Critical Warning
No common period between related clocks  
The clocks clk_out1_tft_clk_wiz and clk_out1_tft_clk_wiz_1 are found related (timed together) but have no common (expandable) period
Related violations: <none>

TIMING-8#2 Critical Warning
No common period between related clocks  
The clocks clk_out1_tft_clk_wiz_1 and clk_out1_tft_clk_wiz are found related (timed together) but have no common (expandable) period
Related violations: <none>

TIMING-16#1 Warning
Large setup violation  
There is a large setup violation of -2.110 ns between ili9341_controller_inst/lcd_counter/x_counter/last_tick_reg/C (clocked by clk_out1_tft_clk_wiz_1) and ili9341_controller_inst/lcd_counter/y_counter/out_reg[5]/CE (clocked by clk_out1_tft_clk_wiz). Large setup violations at the end of those stages might be difficult to fix during the post-placement implementation flow and could be the result of non-optimal XDC constraints or non-optimal design architecture
Related violations: <none>

TIMING-16#2 Warning
Large setup violation  
There is a large setup violation of -2.110 ns between ili9341_controller_inst/lcd_counter/x_counter/last_tick_reg/C (clocked by clk_out1_tft_clk_wiz_1) and ili9341_controller_inst/lcd_counter/y_counter/out_reg[8]/CE (clocked by clk_out1_tft_clk_wiz). Large setup violations at the end of those stages might be difficult to fix during the post-placement implementation flow and could be the result of non-optimal XDC constraints or non-optimal design architecture
Related violations: <none>

TIMING-16#3 Warning
Large setup violation  
There is a large setup violation of -2.164 ns between ili9341_controller_inst/lcd_counter/x_counter/last_tick_reg/C (clocked by clk_out1_tft_clk_wiz_1) and ili9341_controller_inst/lcd_counter/y_counter/out_reg[7]/CE (clocked by clk_out1_tft_clk_wiz). Large setup violations at the end of those stages might be difficult to fix during the post-placement implementation flow and could be the result of non-optimal XDC constraints or non-optimal design architecture
Related violations: <none>

TIMING-16#4 Warning
Large setup violation  
There is a large setup violation of -2.192 ns between ili9341_controller_inst/lcd_counter/x_counter/last_tick_reg/C (clocked by clk_out1_tft_clk_wiz_1) and ili9341_controller_inst/lcd_counter/y_counter/out_reg[1]/CE (clocked by clk_out1_tft_clk_wiz). Large setup violations at the end of those stages might be difficult to fix during the post-placement implementation flow and could be the result of non-optimal XDC constraints or non-optimal design architecture
Related violations: <none>

TIMING-16#5 Warning
Large setup violation  
There is a large setup violation of -2.192 ns between ili9341_controller_inst/lcd_counter/x_counter/last_tick_reg/C (clocked by clk_out1_tft_clk_wiz_1) and ili9341_controller_inst/lcd_counter/y_counter/out_reg[2]/CE (clocked by clk_out1_tft_clk_wiz). Large setup violations at the end of those stages might be difficult to fix during the post-placement implementation flow and could be the result of non-optimal XDC constraints or non-optimal design architecture
Related violations: <none>

TIMING-16#6 Warning
Large setup violation  
There is a large setup violation of -2.192 ns between ili9341_controller_inst/lcd_counter/x_counter/last_tick_reg/C (clocked by clk_out1_tft_clk_wiz_1) and ili9341_controller_inst/lcd_counter/y_counter/out_reg[3]/CE (clocked by clk_out1_tft_clk_wiz). Large setup violations at the end of those stages might be difficult to fix during the post-placement implementation flow and could be the result of non-optimal XDC constraints or non-optimal design architecture
Related violations: <none>

TIMING-16#7 Warning
Large setup violation  
There is a large setup violation of -2.192 ns between ili9341_controller_inst/lcd_counter/x_counter/last_tick_reg/C (clocked by clk_out1_tft_clk_wiz_1) and ili9341_controller_inst/lcd_counter/y_counter/out_reg[4]/CE (clocked by clk_out1_tft_clk_wiz). Large setup violations at the end of those stages might be difficult to fix during the post-placement implementation flow and could be the result of non-optimal XDC constraints or non-optimal design architecture
Related violations: <none>

TIMING-16#8 Warning
Large setup violation  
There is a large setup violation of -2.192 ns between ili9341_controller_inst/lcd_counter/x_counter/last_tick_reg/C (clocked by clk_out1_tft_clk_wiz_1) and ili9341_controller_inst/lcd_counter/y_counter/out_reg[6]/CE (clocked by clk_out1_tft_clk_wiz). Large setup violations at the end of those stages might be difficult to fix during the post-placement implementation flow and could be the result of non-optimal XDC constraints or non-optimal design architecture
Related violations: <none>

TIMING-16#9 Warning
Large setup violation  
There is a large setup violation of -2.332 ns between ili9341_controller_inst/lcd_counter/x_counter/out_reg[0]/C (clocked by clk_out1_tft_clk_wiz_1) and ili9341_controller_inst/lcd_counter/x_counter/out_reg[2]/D (clocked by clk_out1_tft_clk_wiz). Large setup violations at the end of those stages might be difficult to fix during the post-placement implementation flow and could be the result of non-optimal XDC constraints or non-optimal design architecture
Related violations: <none>

TIMING-16#10 Warning
Large setup violation  
There is a large setup violation of -2.340 ns between ili9341_controller_inst/lcd_counter/x_counter/last_tick_reg/C (clocked by clk_out1_tft_clk_wiz_1) and ili9341_controller_inst/lcd_counter/y_counter/out_reg[0]/CE (clocked by clk_out1_tft_clk_wiz). Large setup violations at the end of those stages might be difficult to fix during the post-placement implementation flow and could be the result of non-optimal XDC constraints or non-optimal design architecture
Related violations: <none>

TIMING-16#11 Warning
Large setup violation  
There is a large setup violation of -2.352 ns between ili9341_controller_inst/lcd_counter/y_counter/out_reg[0]/C (clocked by clk_out1_tft_clk_wiz_1) and ili9341_controller_inst/lcd_counter/y_counter/out_reg[0]/D (clocked by clk_out1_tft_clk_wiz). Large setup violations at the end of those stages might be difficult to fix during the post-placement implementation flow and could be the result of non-optimal XDC constraints or non-optimal design architecture
Related violations: <none>

TIMING-16#12 Warning
Large setup violation  
There is a large setup violation of -2.357 ns between ili9341_controller_inst/lcd_counter/y_counter/last_tick_reg/C (clocked by clk_out1_tft_clk_wiz_1) and ili9341_controller_inst/lcd_counter/y_counter/out_reg[2]/D (clocked by clk_out1_tft_clk_wiz). Large setup violations at the end of those stages might be difficult to fix during the post-placement implementation flow and could be the result of non-optimal XDC constraints or non-optimal design architecture
Related violations: <none>

TIMING-16#13 Warning
Large setup violation  
There is a large setup violation of -2.364 ns between ili9341_controller_inst/lcd_counter/x_counter/out_reg[0]/C (clocked by clk_out1_tft_clk_wiz_1) and ili9341_controller_inst/lcd_counter/x_counter/out_reg[1]/D (clocked by clk_out1_tft_clk_wiz). Large setup violations at the end of those stages might be difficult to fix during the post-placement implementation flow and could be the result of non-optimal XDC constraints or non-optimal design architecture
Related violations: <none>

TIMING-16#14 Warning
Large setup violation  
There is a large setup violation of -2.379 ns between ili9341_controller_inst/lcd_counter/x_counter/out_reg[0]/C (clocked by clk_out1_tft_clk_wiz_1) and ili9341_controller_inst/lcd_counter/x_counter/out_reg[0]/D (clocked by clk_out1_tft_clk_wiz). Large setup violations at the end of those stages might be difficult to fix during the post-placement implementation flow and could be the result of non-optimal XDC constraints or non-optimal design architecture
Related violations: <none>

TIMING-16#15 Warning
Large setup violation  
There is a large setup violation of -2.384 ns between ili9341_controller_inst/lcd_counter/y_counter/out_reg[1]/C (clocked by clk_out1_tft_clk_wiz_1) and ili9341_controller_inst/lcd_counter/y_counter/out_reg[4]/D (clocked by clk_out1_tft_clk_wiz). Large setup violations at the end of those stages might be difficult to fix during the post-placement implementation flow and could be the result of non-optimal XDC constraints or non-optimal design architecture
Related violations: <none>

TIMING-16#16 Warning
Large setup violation  
There is a large setup violation of -2.392 ns between ili9341_controller_inst/lcd_counter/y_counter/out_reg[0]/C (clocked by clk_out1_tft_clk_wiz_1) and ili9341_controller_inst/lcd_counter/y_counter/out_reg[1]/D (clocked by clk_out1_tft_clk_wiz). Large setup violations at the end of those stages might be difficult to fix during the post-placement implementation flow and could be the result of non-optimal XDC constraints or non-optimal design architecture
Related violations: <none>

TIMING-16#17 Warning
Large setup violation  
There is a large setup violation of -2.398 ns between ili9341_controller_inst/lcd_counter/x_counter/out_reg[0]/C (clocked by clk_out1_tft_clk_wiz_1) and ili9341_controller_inst/lcd_counter/x_counter/out_reg[4]/D (clocked by clk_out1_tft_clk_wiz). Large setup violations at the end of those stages might be difficult to fix during the post-placement implementation flow and could be the result of non-optimal XDC constraints or non-optimal design architecture
Related violations: <none>

TIMING-16#18 Warning
Large setup violation  
There is a large setup violation of -2.416 ns between ili9341_controller_inst/lcd_counter/x_counter/out_reg[0]/C (clocked by clk_out1_tft_clk_wiz_1) and ili9341_controller_inst/lcd_counter/x_counter/out_reg[3]/D (clocked by clk_out1_tft_clk_wiz). Large setup violations at the end of those stages might be difficult to fix during the post-placement implementation flow and could be the result of non-optimal XDC constraints or non-optimal design architecture
Related violations: <none>

TIMING-16#19 Warning
Large setup violation  
There is a large setup violation of -2.426 ns between ili9341_controller_inst/lcd_counter/x_counter/out_reg[1]/C (clocked by clk_out1_tft_clk_wiz_1) and ili9341_controller_inst/lcd_counter/x_counter/out_reg[5]/D (clocked by clk_out1_tft_clk_wiz). Large setup violations at the end of those stages might be difficult to fix during the post-placement implementation flow and could be the result of non-optimal XDC constraints or non-optimal design architecture
Related violations: <none>

TIMING-16#20 Warning
Large setup violation  
There is a large setup violation of -2.434 ns between ili9341_controller_inst/lcd_counter/y_counter/out_reg[3]/C (clocked by clk_out1_tft_clk_wiz_1) and ili9341_controller_inst/lcd_counter/y_counter/out_reg[3]/D (clocked by clk_out1_tft_clk_wiz). Large setup violations at the end of those stages might be difficult to fix during the post-placement implementation flow and could be the result of non-optimal XDC constraints or non-optimal design architecture
Related violations: <none>

TIMING-16#21 Warning
Large setup violation  
There is a large setup violation of -2.448 ns between ili9341_controller_inst/lcd_counter/y_counter/out_reg[4]/C (clocked by clk_out1_tft_clk_wiz_1) and ili9341_controller_inst/lcd_counter/y_counter/out_reg[5]/D (clocked by clk_out1_tft_clk_wiz). Large setup violations at the end of those stages might be difficult to fix during the post-placement implementation flow and could be the result of non-optimal XDC constraints or non-optimal design architecture
Related violations: <none>

TIMING-16#22 Warning
Large setup violation  
There is a large setup violation of -2.488 ns between ili9341_controller_inst/lcd_counter/x_counter/last_tick_reg/C (clocked by clk_out1_tft_clk_wiz_1) and ili9341_controller_inst/lcd_counter/x_counter/out_reg[0]/R (clocked by clk_out1_tft_clk_wiz). Large setup violations at the end of those stages might be difficult to fix during the post-placement implementation flow and could be the result of non-optimal XDC constraints or non-optimal design architecture
Related violations: <none>

TIMING-16#23 Warning
Large setup violation  
There is a large setup violation of -2.488 ns between ili9341_controller_inst/lcd_counter/x_counter/last_tick_reg/C (clocked by clk_out1_tft_clk_wiz_1) and ili9341_controller_inst/lcd_counter/x_counter/out_reg[1]/R (clocked by clk_out1_tft_clk_wiz). Large setup violations at the end of those stages might be difficult to fix during the post-placement implementation flow and could be the result of non-optimal XDC constraints or non-optimal design architecture
Related violations: <none>

TIMING-16#24 Warning
Large setup violation  
There is a large setup violation of -2.501 ns between ili9341_controller_inst/lcd_counter/y_counter/out_reg[0]/C (clocked by clk_out1_tft_clk_wiz_1) and ili9341_controller_inst/lcd_counter/y_counter/out_reg[6]/D (clocked by clk_out1_tft_clk_wiz). Large setup violations at the end of those stages might be difficult to fix during the post-placement implementation flow and could be the result of non-optimal XDC constraints or non-optimal design architecture
Related violations: <none>

TIMING-16#25 Warning
Large setup violation  
There is a large setup violation of -2.509 ns between ili9341_controller_inst/lcd_counter/x_counter/last_tick_reg/C (clocked by clk_out1_tft_clk_wiz_1) and ili9341_controller_inst/lcd_counter/x_counter/out_reg[2]/R (clocked by clk_out1_tft_clk_wiz). Large setup violations at the end of those stages might be difficult to fix during the post-placement implementation flow and could be the result of non-optimal XDC constraints or non-optimal design architecture
Related violations: <none>

TIMING-16#26 Warning
Large setup violation  
There is a large setup violation of -2.509 ns between ili9341_controller_inst/lcd_counter/x_counter/last_tick_reg/C (clocked by clk_out1_tft_clk_wiz_1) and ili9341_controller_inst/lcd_counter/x_counter/out_reg[3]/R (clocked by clk_out1_tft_clk_wiz). Large setup violations at the end of those stages might be difficult to fix during the post-placement implementation flow and could be the result of non-optimal XDC constraints or non-optimal design architecture
Related violations: <none>

TIMING-16#27 Warning
Large setup violation  
There is a large setup violation of -2.509 ns between ili9341_controller_inst/lcd_counter/x_counter/last_tick_reg/C (clocked by clk_out1_tft_clk_wiz_1) and ili9341_controller_inst/lcd_counter/x_counter/out_reg[4]/R (clocked by clk_out1_tft_clk_wiz). Large setup violations at the end of those stages might be difficult to fix during the post-placement implementation flow and could be the result of non-optimal XDC constraints or non-optimal design architecture
Related violations: <none>

TIMING-16#28 Warning
Large setup violation  
There is a large setup violation of -2.518 ns between ili9341_controller_inst/lcd_counter/x_counter/last_tick_reg/C (clocked by clk_out1_tft_clk_wiz_1) and ili9341_controller_inst/lcd_counter/x_counter/out_reg[5]/R (clocked by clk_out1_tft_clk_wiz). Large setup violations at the end of those stages might be difficult to fix during the post-placement implementation flow and could be the result of non-optimal XDC constraints or non-optimal design architecture
Related violations: <none>

TIMING-16#29 Warning
Large setup violation  
There is a large setup violation of -2.540 ns between ili9341_controller_inst/lcd_counter/y_counter/out_reg[0]/C (clocked by clk_out1_tft_clk_wiz_1) and ili9341_controller_inst/lcd_counter/y_counter/out_reg[8]/D (clocked by clk_out1_tft_clk_wiz). Large setup violations at the end of those stages might be difficult to fix during the post-placement implementation flow and could be the result of non-optimal XDC constraints or non-optimal design architecture
Related violations: <none>

TIMING-16#30 Warning
Large setup violation  
There is a large setup violation of -2.577 ns between ili9341_controller_inst/lcd_counter/y_counter/out_reg[0]/C (clocked by clk_out1_tft_clk_wiz_1) and ili9341_controller_inst/lcd_counter/y_counter/out_reg[7]/D (clocked by clk_out1_tft_clk_wiz). Large setup violations at the end of those stages might be difficult to fix during the post-placement implementation flow and could be the result of non-optimal XDC constraints or non-optimal design architecture
Related violations: <none>

TIMING-16#31 Warning
Large setup violation  
There is a large setup violation of -2.585 ns between ili9341_controller_inst/lcd_counter/x_counter/last_tick_reg/C (clocked by clk_out1_tft_clk_wiz_1) and ili9341_controller_inst/lcd_counter/y_counter/out_reg[5]/R (clocked by clk_out1_tft_clk_wiz). Large setup violations at the end of those stages might be difficult to fix during the post-placement implementation flow and could be the result of non-optimal XDC constraints or non-optimal design architecture
Related violations: <none>

TIMING-16#32 Warning
Large setup violation  
There is a large setup violation of -2.585 ns between ili9341_controller_inst/lcd_counter/x_counter/last_tick_reg/C (clocked by clk_out1_tft_clk_wiz_1) and ili9341_controller_inst/lcd_counter/y_counter/out_reg[8]/R (clocked by clk_out1_tft_clk_wiz). Large setup violations at the end of those stages might be difficult to fix during the post-placement implementation flow and could be the result of non-optimal XDC constraints or non-optimal design architecture
Related violations: <none>

TIMING-16#33 Warning
Large setup violation  
There is a large setup violation of -2.594 ns between ili9341_controller_inst/lcd_counter/x_counter/last_tick_reg/C (clocked by clk_out1_tft_clk_wiz_1) and ili9341_controller_inst/lcd_counter/x_counter/out_reg[6]/R (clocked by clk_out1_tft_clk_wiz). Large setup violations at the end of those stages might be difficult to fix during the post-placement implementation flow and could be the result of non-optimal XDC constraints or non-optimal design architecture
Related violations: <none>

TIMING-16#34 Warning
Large setup violation  
There is a large setup violation of -2.649 ns between ili9341_controller_inst/lcd_counter/y_counter/out_reg[7]/C (clocked by clk_out1_tft_clk_wiz_1) and ili9341_controller_inst/lcd_counter/y_counter/last_tick_reg/D (clocked by clk_out1_tft_clk_wiz). Large setup violations at the end of those stages might be difficult to fix during the post-placement implementation flow and could be the result of non-optimal XDC constraints or non-optimal design architecture
Related violations: <none>

TIMING-16#35 Warning
Large setup violation  
There is a large setup violation of -2.650 ns between ili9341_controller_inst/lcd_counter/x_counter/last_tick_reg/C (clocked by clk_out1_tft_clk_wiz_1) and ili9341_controller_inst/lcd_counter/x_counter/out_reg[7]/R (clocked by clk_out1_tft_clk_wiz). Large setup violations at the end of those stages might be difficult to fix during the post-placement implementation flow and could be the result of non-optimal XDC constraints or non-optimal design architecture
Related violations: <none>

TIMING-16#36 Warning
Large setup violation  
There is a large setup violation of -2.650 ns between ili9341_controller_inst/lcd_counter/x_counter/last_tick_reg/C (clocked by clk_out1_tft_clk_wiz_1) and ili9341_controller_inst/lcd_counter/x_counter/out_reg[8]/R (clocked by clk_out1_tft_clk_wiz). Large setup violations at the end of those stages might be difficult to fix during the post-placement implementation flow and could be the result of non-optimal XDC constraints or non-optimal design architecture
Related violations: <none>

TIMING-16#37 Warning
Large setup violation  
There is a large setup violation of -2.651 ns between ili9341_controller_inst/lcd_counter/x_counter/out_reg[5]/C (clocked by clk_out1_tft_clk_wiz_1) and ili9341_controller_inst/lcd_counter/x_counter/out_reg[8]/D (clocked by clk_out1_tft_clk_wiz). Large setup violations at the end of those stages might be difficult to fix during the post-placement implementation flow and could be the result of non-optimal XDC constraints or non-optimal design architecture
Related violations: <none>

TIMING-16#38 Warning
Large setup violation  
There is a large setup violation of -2.684 ns between ili9341_controller_inst/lcd_counter/x_counter/out_reg[5]/C (clocked by clk_out1_tft_clk_wiz_1) and ili9341_controller_inst/lcd_counter/x_counter/out_reg[6]/D (clocked by clk_out1_tft_clk_wiz). Large setup violations at the end of those stages might be difficult to fix during the post-placement implementation flow and could be the result of non-optimal XDC constraints or non-optimal design architecture
Related violations: <none>

TIMING-16#39 Warning
Large setup violation  
There is a large setup violation of -2.697 ns between ili9341_controller_inst/lcd_counter/x_counter/out_reg[5]/C (clocked by clk_out1_tft_clk_wiz_1) and ili9341_controller_inst/lcd_counter/x_counter/out_reg[7]/D (clocked by clk_out1_tft_clk_wiz). Large setup violations at the end of those stages might be difficult to fix during the post-placement implementation flow and could be the result of non-optimal XDC constraints or non-optimal design architecture
Related violations: <none>

TIMING-16#40 Warning
Large setup violation  
There is a large setup violation of -3.189 ns between ili9341_controller_inst/lcd_counter/x_counter/out_reg[5]/C (clocked by clk_out1_tft_clk_wiz_1) and ili9341_controller_inst/lcd_counter/x_counter/last_tick_reg/D (clocked by clk_out1_tft_clk_wiz). Large setup violations at the end of those stages might be difficult to fix during the post-placement implementation flow and could be the result of non-optimal XDC constraints or non-optimal design architecture
Related violations: <none>

TIMING-56#1 Warning
Missing logically or physically excluded clock groups constraint  
Multiple clocks are user generated or auto-derived on the source pin tft_clk_wiz_inst/inst/mmcm_adv_inst/CLKFBOUT but are not logically or physically exclusive with respect to one another. To have the static timing analysis match the behavior in hardware, there cannot be multiple clocks generated on the same pin and when such situation occurs, the clocks should be defined as physically or logically exclusive. The list of clocks generated on the source pin is: clkfbout_tft_clk_wiz, clkfbout_tft_clk_wiz_1
Related violations: <none>

TIMING-56#2 Warning
Missing logically or physically excluded clock groups constraint  
Multiple clocks are user generated or auto-derived on the source pin tft_clk_wiz_inst/inst/mmcm_adv_inst/CLKOUT0 but are not logically or physically exclusive with respect to one another. To have the static timing analysis match the behavior in hardware, there cannot be multiple clocks generated on the same pin and when such situation occurs, the clocks should be defined as physically or logically exclusive. The list of clocks generated on the source pin is: clk_out1_tft_clk_wiz, clk_out1_tft_clk_wiz_1
Related violations: <none>


